[   0.0000] nitiliing cgou subyscpuset
[    0.000000] Initializing cgroup subsys cpu
[    0.000000]Initalzing crop susy cpucc
[   .0000] Lnu version 4.4.0-121-generic (build@lcy01-amd64-004) (gcc version 5..0 201069 (Uunu 5..06ubuu1~16.4.) ) 14-UbutuSMP riApr 3 3:4723UTC 208 Ubunu .4.012.145-gener 4.411)
[  0.0000] Coman lin: OOT_IMAGE/bot/vmlinuz-4.4.0-121-generic root=LAELcloudig-ootf r conol=tty cnsol=tyS0[    0.00000]EREL spprtedcps:
   0.0000]  Inel GnuneInel
[  0.000000]  AD AuhentcAMD
[    0.000000]   Centaur CentaurHauls
[    0.000000] x86/fpu: xstate_offset[2]: 57, xsat_sizes2]  25
    0.0000] 86fpu:Supprting XSAV fatrex01: x8 floatngointreistes'
[  000000]x86fp: Spprtng XAV featue x02:'SE reisers'
[    0.0000] 86fpu:SuportngXSAVE feature 0x04: 'AVX register'
[  0.0000] x8/fu: Enabled xstate features 0x7, context size is 832 bytes, using 'standad'forma.
[    0.000] x86fp: Usin 'azy' FPU context switches.
[    0.000000] e820: BIOS-provided physical RAM map:
[    0.000000] BIO-e20: [mem 0x000000000000000x00000009fbf]usabe
[   0.00000] BIOS-e820: [mem 0x000000000009fc00-0x000000000009ffff] reserved
[    0.000000] BIOS-e820: [me 0000000000f000-x00000000fffff reerve
[    00000] BIS-820:[mm 0x000000000000-000000003fffff] uabe
[  0.000] BIS-820:[mm x0000000ff0000-0x0000003fffff]ACI ata[   0.0000] BS-e80:mem x000000fc00000x000000fec00fff] reserved
[    0.000000] BIOS-e820: [mem 0x00000000fee00000-0x00000000fee00fff] reserve
[    0.0000] BOSe820: mem 0x000000ffc0000-x000000fffffff] reserved
[   0.000000] NX(Exeute Disable) protection: active
[    0.000000] SMBIOS 2.5 present.
[    0.000000] Hypervisor detected: KVM
[    0.000000] e820: last_pfn = 0x3fff0 max_arch_pfn = 0x400000000
[    0.000000] MTRR: Disabled
[    0.000000] x86/PAT: MTRRs disabled, skipping PAT initialization too.
[    0.000000] CPU MTRRs all blank - virtualized system.
[    0.000000] x86/PAT: Configuration [0-7]: WB  WT  UC- UC  WB  WT  UC- UC  
[    0.000000] found SMP MP-table at [mem 0x0009fff0-0x0009ffff] mapped at [ffff88000009fff0]
[   0.00000] Scanin 1 aas fr owemry crrptio
[    00000] RADIK: [em0x36ba00-0x354ff][   0.0000] ACI:Early tabe ecksm veification disabled
[    0.000000] ACPI: RSP x00000000000E0000 000024 (v02 VBOX  )
[    0.000000] ACPI: XSDT 0x000000003FFF0030 00003C (v01 VBOX   VBOXXSDT 00000001 ASL  00000061)
[    0.000000] ACPI: FACP 0x000000003FFF00F0 0000F4 (v04 VBOX   VBOXFACP 00000001 ASL  00000061)
[    0.000000] ACPI: DSDT 0x000000003FFF0470 0021FF (v02 VBX   VBXBOS 000002 NT 21052)
[   .00000] CPI:FAS 0x000000003F020000040[   0.0000] CPI:FAS 0x0000003FFF20 00040
[   .0000]ACPI AIC 0x000000003FFF0240 00005C (v02 VBOX   VBOXAPIC 00000001 ASL  00000061)
[    0.000000] ACPI: SSDT 0x000000003FFF02A0 0001CC (v01 VBOX   VBOXCPUT 00000002 INTL 20100528)
[    0.000000] No NUMA configuration found
[    0.00000] aking a node at [mem 0x00000000000000-0000000ffffff
    .000] NODE_DATA(0) allocated [mem 0x3ffeb000-0x3ffeffff]
[    0.000000] kvm-clock: Using msrs 4b564d01 and 4b564d00
[    0.000000] kvm-clock: cpu 0, msr 0:3ffe3001, primar cu clck
[  0.000000] kvm-clock: using scedoffst f 35676606ycle
    0.0000] clocksure: km-ock:mak: 0ffffffffffff mx_cyle: 0xcd2edffb mx_idlns: 81905948 ns[   .00000] Zon rnges
    .00000]   DM    [mm 0x000000001000x0000000fffff
[    0.000000]   DMA32    [mem 0x0000000001000000-0x000000003ffeffff]
[    0.000000]   Normal   empty
[    0.000000]   Device   empty
[    0.000000] Movable zone start for each node
[    0.000000] Early memory node ranges
[    0.000000]   node   0: [mem 0x0000000000001000-0x000000000009efff]
[    0.000000]   od   0: [m 0x000000000100000-0x000000003ffeffff]
[    0.000000] Initmem setup node 0 [mem 0x0000000000001000-0x000000003ffeffff]
[    0.000000] ACPI: PM-Timer IO Port: 0x4008
[    0.000000] IOAPIC[0]: apic_id 2, version 32, address 0xfec00000, GSI 0-23
[    0.000000] ACPI: INT_SRC_OVR (bus 0 bu_irq0 lobal_rq2 dfl dfl)
[    0.000000] ACPI: INT_SRC_OVR (bus 0 bus_irq 9 global_irq 9 low level)
[    0.000000] Using ACPI (MADTfor SM cnfiurion inoratio
    .00000] mpboot: Allowing CPs, hotpluCPs[   0.0000] PM:Reisterenoave emry: [mm x00000000-0x00000fff]
[    0.000000] PM: Reiserednoave mmoy: me0x000900-0x0009ffff]
[    0.000000] PM: Registered nosave memory: [mem 0x000a0000-0x000effff]
[    0.000000] PM: Registered nosave memory: [mem 0x000f0000-0x000fffff]
[    0.000000] e820: [mem 0x40000000-0xfebfffff] available for PCI devices
[    0.000000] Booting paravirtualized kernel on KVM
[    0.000000] clocksource rfined-jiffies: mask: 0xffffffff max_cycles: 0xffffffff, max_ie_ns: 6451960021168 n
[    0.000000] setup_percpu: NR_CPUS:512 nr_cpumask_bits:512 nr_cu_ds:2nrnodeid:1
   0.0000] PCPU: mbedded4 paescpu @fff8003fc00000 s9544 r8192 d31528 u1048576
[    0.000000] PV qspinlock hash table entries: 256 (order: 0, 4096bytes)
[    0.000000] Built 1 zonelists in Node order, mobility grouping on.  Total pages: 257912
[    0.000000] Policy zone: DMA32
[    0.000000] Kernel commmand line: BOOT_IMAGE=/boot/vmlinuz-4.4.0-121-generic root=LABEL=cloudimg-rootfs ro console=tty1 console=ttyS0
[    0.000000] PID hash table entries: 4096 (order: 3, 32768 bytes)
[    0.0000] Memory: 1001664K/1048120K available (8532K kernel code, 1313K rwdata, 3996K rodata, 1508K init, 1316K bss, 46456K resered 0K cma-reserved)
[    0.000000] SLU: Walign=6 Oder=0-3 MnObjct=0, PU=2, Noes1
[   0.0000] ernel/Uerage taes ioltion eable
   0.0000] HerrchialRCU mpemenaton.
[    .00000] Buld-tmeadjutmnt o laf fnot to 64
[    0.000] 	CUrestricng CUsfromNRCPUS51 to r_puids=2.
[   0.00000 RCU: Adjusting geometry for rcfaout_ea=64,nrcpu_ds=2
    0.0000] NR_RQ:3304 r_irqs44 16
[    000000 Cnsol: olou VA+ 8x2
[   0.0000] onsoe tty1 eable
    .00000 cnsole ttS0 enaled[    0.000000] tsc: Detected 2399.998 MHz processor
[   17.229300] Calibrating delay loop (skipped) preset value.. 4799.99 BogoMIPS (lpj=9599992)
[   17.232296] pid_max: default: 32768 minimum: 301
[   17.233825] ACPI: Core revision 20150930
[   17.237636] ACPI: 2 ACPI AML tables successfully acquired and loaded
[   17.239844] Security Framework initialized
[   17.241228] Yama: becoming mindful.
[   17.242497] AppArmor: AppArmor initialized
[   17.244016] Dentry cache hash table entries: 131072 (order: 8, 1048576 bytes)
[   17.249286] Inode-cache hash table entries: 65536 (order: 7, 524288 bytes)
[   17.266581] Mount-cache hash table entries: 2048 (order: 2, 16384 bytes)
[   17.292796] Mountpoint-cache hash table entries: 2048 (order: 2, 16384 bytes)
[   17.307180] Initializing cgroup subsys io
[   17.320628] Initializing cgroup subsys memory
[   17.322110] Initializing cgroup subsys devices
[   17.404206] Initializing cgroup subsys freezer
[   17.492591] Initializing cgroup subsys net_cls
[   17.493959] Initializing cgroup subsys perf_event
[   17.495384] Initializing cgroup subsys net_prio
[   17.496950] Initializing cgroup subsys hugetlb
[   17.560918] Initializing cgroup subsys pids
[   17.633680] CPU: Physical Processor ID: 0
[   17.696556] CPU: Processor Core ID: 0
[   17.764064] FEATURE SPEC_CTRL Not Pressnt
[   17.837838] mce: CPU supports 0 MCE banks
[   17.868050] Last level iTLB entries: 4KB 64, 2MB 8, 4MB 8
[   17.924409] Last level dTLB entries: 4KB 64, 2MB 0, 4MB 0, 1GB 4
[   18.028285] Spectre V2 mitigation: Mitigation: Full generic retpoline
[   18.144358] Spectre V2 mitigation: Speculation control IBPB not-supported IBRS not-supported
[   18.288743] Spectre V2 mitigation: Filling RSB on context switch
[   18.317998] Freeing SMP alternatives memory: 32K
[   18.330311] ftrace: allocating 32202 entries in 126 pages
[   18.419157] smpboot: APIC(0) Converting physical 0 to logical package 0
[   18.433255] smpboot: Max logical packages: 1
[   18.435143] x2apic enabled
[   18.436539] Switched APIC routing to physical x2apic.
[   18.446884] ..TIMER: vector=0x30 apic1=0 pin1=2 apic2=-1 pin2=-1
[   18.576045] smpboot: CPU0: Intel(R) Core(TM) i5-6200U CPU @ 2.30GHz (family: 0x6, model: 0x4e, stepping: 0x3)
[   18.629773] Performance Events: unsupported p6 CPU model 78 no PMU driver, software events only.
[   18.705285] KVM setup paravirtual spinlock
[   18.785754] x86: Booting SMP configuration:
[   18.825845] .... node  #0, CPUs:      #1
[   18.903180] kvm-clock: cpu 1, msr 0:3ffe3041, secondary cpu clock
[   18.906846] mce: CPU supports 0 MCE banks
[   18.909710] x86: Booted up 1 node, 2 CPUs
[   18.921163] smpboot: Total of 2 processors activated (9599.99 BogoMIPS)
[   18.930645] devtmpfs: initialized
[   18.939641] evm: security.selinux
[   18.957831] evm: security.SMACK64
[   19.004945] evm: security.SMACK64EXEC
[   19.047584] evm: security.SMACK64TRANSMUTE
[   19.098624] evm: security.SMACK64MMAP
[   19.141564] evm: security.ima
[   19.159541] evm: security.capability
[   19.161023] clocksource: jiffies: mask: 0xffffffff max_cycles: 0xffffffff, max_idle_ns: 7645041785100000 ns
[   19.174589] futex hash table entries: 512 (order: 3, 32768 bytes)
[   19.176492] pinctrl core: initialized pinctrl subsystem
[   19.178210] RTC time:  7:29:52, date: 05/14/18
[   19.179838] NET: Registered protocol family 16
[   19.193112] cpuidle: using governor ladder
[   19.209348] cpuidle: using governor menu
[   19.255460] PCCT header not found.
[   19.299527] ACPI: bus type PCI registered
[   19.342459] acpiphp: ACPI Hot Plug PCI Controller Driver version: 0.5
[   19.405842] PCI: Using configuration type 1 for base access
[   19.420877] ACPI: Added _OSI(Module Device)
[   19.423394] ACPI: Added _OSI(Processor Device)
[   19.425219] ACPI: Added _OSI(3.0 _SCP Extensions)
[   19.429575] ACPI: Added _OSI(Processor Aggregator Device)
[   19.432326] ACPI: Executed 1 blocks of module-level executable AML code
[   19.452708] ACPI: Interpreter enabled
[   19.459746] ACPI: (supports S0 S5)
[   19.461312] ACPI: Using IOAPIC for interrupt routing
[   19.484151] PCI: Using host bridge windows from ACPI; if necessary, use "pci=nocrs" and report a bug
[   19.513777] ACPI: PCI Root Bridge [PCI0] (domain 0000 [bus 00-ff])
[   19.517220] acpi PNP0A03:00: _OSC: OS supports [ASPM ClockPM Segments MSI]
[   19.521751] acpi PNP0A03:00: _OSC: not requesting OS control; OS requires [ExtendedConfig ASPM ClockPM MSI]
[   19.556051] acpi PNP0A03:00: fail to add MMCONFIG information, can't access extended PCI configuration space under this bridge.
[   19.637628] PCI host bridge to bus 0000:00
[   19.685674] pci_bus 0000:00: root bus resource [io  0x0000-0x0cf7 window]
[   19.757315] pci_bus 0000:00: root bus resource [io  0x0d00-0xffff window]
[   19.845545] pci_bus 0000:00: root bus resource [mem 0x000a0000-0x000bffff window]
[   19.913042] pci_bus 0000:00: root bus resource [mem 0x40000000-0xfdffffff window]
[   20.001436] pci_bus 0000:00: root bus resource [bus 00-ff]
[   20.020219] pci 0000:00:01.1: legacy IDE quirk: reg 0x10: [io  0x01f0-0x01f7]
[   20.100650] pci 0000:00:01.1: legacy IDE quirk: reg 0x14: [io  0x03f6]
[   20.191565] pci 0000:00:01.1: legacy IDE quirk: reg 0x18: [io  0x0170-0x0177]
[   20.273024] pci 0000:00:01.1: legacy IDE quirk: reg 0x1c: [io  0x0376]
[   20.326016] pci 0000:00:07.0: quirk: [io  0x4000-0x403f] claimed by PIIX4 ACPI
[   20.359769] pci 0000:00:07.0: quirk: [io  0x4100-0x410f] claimed by PIIX4 SMB
[   20.425522] ACPI: PCI Interrupt Link [LNKA] (IRQs 5 9 10 *11)
[   20.488912] ACPI: PCI Interrupt Link [LNKB] (IRQs 5 9 *10 11)
[   20.508742] ACPI: PCI Interrupt Link [LNKC] (IRQs 5 *9 10 11)
[   20.511147] ACPI: PCI Interrupt Link [LNKD] (IRQs 5 9 10 *11)
[   20.542756] ACPI: Enabled 2 GPEs in block 00 to 07
[   20.564649] vgaarb: setting as boot device: PCI:0000:00:02.0
[   20.580176] vgaarb: device added: PCI:0000:00:02.0,decodes=io+mem,owns=io+mem,locks=none
[   20.586436] vgaarb: loaded
[   20.596719] vgaarb: bridge control possible 0000:00:02.0
[   20.601685] SCSI subsystem initialized
[   20.626894] ACPI: bus type USB registered
[   20.678725] usbcore: registered new interface driver usbfs
[   20.687468] usbcore: registered new interface driver hub
[   20.698220] usbcore: registered new device driver usb
[   20.703337] PCI: Using ACPI for IRQ routing
[   20.754128] NetLabel: Initializing
[   20.794813] NetLabel:  domain hash size = 128
[   20.838414] NetLabel:  protocols = UNLABELED CIPSOv4
[   20.891528] NetLabel:  unlabeled traffic allowed by default
[   20.935627] amd_nb: Cannot enumerate AMD northbridges
[   20.971547] clocksource: Switched to clocksource kvm-clock
[   1.46] pAor AppArmor Filesystem Enabled
[   21.366454] pnp: PnP ACPI init
[  23965 pp:PnP ACPI: found 3 devices

[   21.659660]  locksource: acpi_pm: mask: 0xffffff max_cycles: 0xffffff, max_idle_ns: 2085701024 ns
[   21.673120] NET: Registered protocol family 2
[   21.685415] TCP established hash table entries: 8192 (order: 4, 65536 bytes)
[   21.687770] TCP bind hash table entries: 8192 (order: 5, 131072 bytes)
[   21.693271] TCP: Hash tables configured (established 8192 bind 8192)
[   21.698119] UDP hash table entries: 512 (order: 2, 16384 bytes)
[   21.704514] UDP-Lite hash table entries: 512 (order: 2, 16384 bytes)
[   21.706554] NET: Registered protocol family 1
[   21.709928] pci 0000:00:00.0: Limiting direct PCI/PCI transfers
[   21.717072] pci 0000:00:01.0: Activating ISA DMA hang workarounds
[   21.720647] Unpacking initramfs...
[   24.903606] Freeing initrd memory: 10860K
[   24.912188] platform rtc_cmos: registered platform RTC device (no PNP device found)
[   24.914859] Scanning for low memory corruption every 60 seconds
[   24.917067] audit: initializing netlink subsys (disabled)
[   24.930511] audit: type=2000 audit(1526282983.664:1): initialized
[   24.941363] Initialise system trusted keyring
[   24.945059] HugeTLB registered 2 MB page size, pre-allocated 0 pages
[   24.962853] zbud: loaded
[   24.976900] VFS: Disk quotas dquot_6.6.0
[   24.985400] VFS: Dquot-cache hash table entries: 512 (order 0, 4096 bytes)
[   24.997835] squashfs: version 4.0 (2009/01/31) Phillip Lougher
[   25.002689] fuse init (API version 7.23)
[   25.058019] Key type big_key registered
[   25.084864] Allocating IMA MOK and blacklist keyrings.
[   25.167451] Key type asymmetric registered
[   25.170044] Asymmetric key parser 'x509' registered
[   25.187621] Block layer SCSI generic (bsg) driver version 0.4 loaded (major 249)
[   25.255362] io scheduler noop registered
[   25.292102] io scheduler deadline registered (default)
[   25.293905] io scheduler cfq registered
[   25.304326] pci_hotplug: PCI Hot Plug PCI Core version: 0.5
[   25.337272] pciehp: PCI Express Hot Plug Controller Driver version: 0.4
[   25.339488] ACPI: AC Adapter [AC] (on-line)
[   25.374902] input: Power Button as /devices/LNXSYSTM:00/LNXPWRBN:00/input/input0
[   25.377430] ACPI: Power Button [PWRF]
[   25.378787] input: Sleep Button as /devices/LNXSYSTM:00/LNXSLPBN:00/input/input1
[   25.381364] ACPI: Sleep Button [SLPF]
[   25.382838] GHES: HEST is not enabled!
[   25.383657] ACPI: Battery Slot [BAT0] (battery present)
[   25.410239] Serial: 8250/16550 driver, 32 ports, IRQ sharing enabled
[   25.473605] 00:02: ttyS0 at I/O 0x3f8 (irq = 4, base_baud = 115200) is a 16550A
[   25.489954] Linux agpgart interface v0.103
[   25.519582] loop: module loaded
[   25.523300] scsi host0: ata_piix
[   25.526239] scsi host1: ata_piix
[   25.527420] ata1: PATA max UDMA/33 cmd 0x1f0 ctl 0x3f6 bmdma 0xd000 irq 14
[   25.530949] ata2: PATA max UDMA/33 cmd 0x170 ctl 0x376 bmdma 0xd008 irq 15
[   25.533769] libphy: Fixed MDIO Bus: probed
[   25.535180] tun: Universal TUN/TAP device driver, 1.6
[   25.537851] tun: (C) 1999-2004 Max Krasnyansky <maxk@qualcomm.com>
[   25.543378] PPP generic driver version 2.4.2
[   25.544923] ehci_hcd: USB 2.0 'Enhanced' Host Controller (EHCI) Driver
[   25.569506] ehci-pci: EHCI PCI platform driver
[   25.618690] ehci-platform: EHCI generic platform driver
[   25.620432] ohci_hcd: USB 1.1 'Open' Host Controller (OHCI) Driver
[   25.622256] ohci-pci: OHCI PCI platform driver
[   25.623676] ohci-platform: OHCI generic platform driver
[   25.626877] uhci_hcd: USB Universal Host Controller Interface driver
[   25.704777] i8042: PNP: PS/2 Controller [PNP0303:PS2K,PNP0f03:PS2M] at 0x60,0x64 irq 1,12
[   25.805973] serio: i8042 KBD port at 0x60,0x64 irq 1
[   25.890539] serio: i8042 AUX port at 0x60,0x64 irq 12
[   25.984622] tsc: Refined TSC clocksource calibration: 2399.802 MHz
[   26.003327] clocksource: tsc: mask: 0xffffffffffffffff max_cycles: 0x22977c7c5ea, max_idle_ns: 440795218720 ns
[   26.006652] mousedev: PS/2 mouse device common for all mice
[   26.011067] input: AT Translated Set 2 keyboard as /devices/platform/i8042/serio0/input/input2
[   26.048349] rtc_cmos rtc_cmos: rtc core: registered rtc_cmos as rtc0
[   26.063233] rtc_cms c_mos:almsp o on d, 4 te nra

[   261019 ic evntries driver
[   27.022199] device-mapper: uevent: version 1.0.3
[   27.025135] device-mapper: ioctl: 4.34.0-ioctl (2015-10-28) initialised: dm-devel@redhat.com
[   27.027975] ledtrig-cpu: registered to indicate activity on CPUs
[   27.058327] NET: Registered protocol family 10
[   27.077729] NET: Registered protocol family 17
[   27.098019] Key type dns_resolver registered
[   27.100126] registered taskstats version 1
[   27.129014] Loading compiled-in X.509 certificates
[   27.131868] Loaded X.509 cert 'Build time autogenerated kernel key: 1980cda84f1f26b64be4db6155d00e7fd6d05190'
[   27.141892] zswap: loaded using pool lzo/zbud
[   27.148811] Key type trusted registered
[   27.177391] Key type encrypted registered
[   27.217621] AppArmor: AppArmor sha1 policy hashing enabled
[   27.225605] ima: No TPM chip found, activating TPM-bypass!
[   27.241686] evm: HMAC attrs: 0x1
[   27.243220]   Magic number: 2:711:470
[   27.253011] rtc_cmos rtc_cmos: setting system clock to 2018-05-14 07:30:00 UTC (1526283000)
[   27.255881] BIOS EDD facilityv06 004-Jun-5, dviesou
[   27.648701] EDD information not available.
[   27.709780] Freeing unused kernel memory: 1508K
[   27.739445] Write protecting the kernel read-only data: 14336k
[   27.783989] Freeing unused kernel memory: 1696K
[   27.830544] Freeing unused kernel memory: 100K
Loading, please wait...
starting version 229
[   27.912185] random: systemd-udevd: uninitialized urandom read (16 bytes read, 7 bits of entropy available)
[   27.912478] random: udevadm: uninitialized urandom read (16 bytes read, 7 bits of entropy available)
[   27.912508] random: udevadm: uninitialized urandom read (16 bytes read, 7 bits of entropy available)
[   27.926672] random: udevadm: uninitialized urandom read (16 bytes read, 7 bits of entropy available)
[   27.926780] random: udevadm: uninitialized urandom read (16 bytes read, 7 bits of entropy available)
[   27.927018] random: udevadm: uninitialized urandom read (16 bytes read, 7 bits of entropy available)
[   27.927085] random: udevadm: uninitialized urandom read (16 bytes read, 7 bits of entropy available)
[   27.927149] random: udevadm: uninitialized urandom read (16 bytes read, 7 bits of entropy available)
[   27.927236] random: udevadm: uninitialized urandom read (16 bytes read, 7 bits of entropy available)
[   27.927338] random: udevadm: uninitialized urandom read (16 bytes read, 7 bits of entropy available)
[   28.483400] e1000: Intel(R) PRO/1000 Network Driver - version 7.3.21-k8-NAPI
[   28.529998] e1000: Copyright (c) 1999-2006 Intel Corporation.
[   28.537570] Fusion MPT base driver 3.04.20
[   28.550230] Copyright (c) 1999-2008 LSI Corporation
[   28.597631] Fusion MPT SPI Host driver 3.04.20
[   28.618061] AVX2 version of gcm_enc/dec engaged.
[   28.631583] AES CTR mode by8 optimization enabled
[   28.813932] input: ImExPS/2 Generic Explorer Mouse as /devices/platform/i8042/serio1/input/input4
[   29.170110] e1000 0000:00:03.0 eth0: (PCI:33MHz:32-bit) 02:c5:21:46:7d:cc
[   29.174809] e1000 0000:00:03.0 eth0: Intel(R) PRO/1000 Network Connection
[   29.624621] e1000 0000:00:08.0 eth1: (PCI:33MHz:32-bit) 08:00:27:5e:15:90
[   29.634348] e1000 0000:00:08.0 eth1: Intel(R) PRO/1000 Network Connection
[   29.643216] mptbase: ioc0: Initiating bringup
[   29.652052] e1000 0000:00:03.0 enp0s3: renamed from eth0
[   29.668620] e1000 0000:00:08.0 enp0s8: renamed from eth1
[   29.715127] ioc0: LSI53C1030 A0: Capabilities={Initiator}
[   30.167977] scsi host2: ioc0: LSI53C1030 A0, FwRev=00000000h, Ports=1, MaxQ=256, IRQ=20
[   31.040458] scsi 2:0:0:0: Direct-Access     VBOX     HARDDISK         1.0  PQ: 0 ANSI: 5
[   31.087326] scsi target2:0:0: Beginning Domain Validation
[   31.097383] scsi target2:0:0: Domain Validation skipping write tests
[   31.099269] scsi target2:0:0: Ending Domain Validation
[   31.117070] scsi target2:0:0: asynchronous
[   31.128512] scsi 2:0:1:0: Direct-Access     VBOX     HARDDISK         1.0  PQ: 0 ANSI: 5
[   31.218786] scsi target2:0:1: Beginning Domain Validation
[   31.738166] scsi target2:0:1: Domain Validation skipping write tests
[   31.753666] scsi target2:0:1: Ending Domain Validation
[   31.779860] scsi target2:0:1: asynchronous
[   31.791982] sd 2:0:0:0: [sda] 20971520 512-byte logical blocks: (10.7 GB/10.0 GiB)
[   31.809528] sd 2:0:0:0: Attached scsi generic sg0 type 0
[   31.809859] sd 2:0:0:0: [sda] Write Protect is off
[   31.810030] sd 2:0:0:0: [sda] Incomplete mode parameter data
[   31.810031] sd 2:0:0:0: [sda] Assuming drive cache: write through
[   31.814113]  sda: sda1
[   31.814951] sd 2:0:0:0: [sda] Attached SCSI disk
[   31.836304] sd 2:0:1:0: Attached scsi generic sg1 type 0
[   31.836514] sd 2:0:1:0: [sdb] 20480 512-byte logical blocks: (10.5 MB/10.0 MiB)
[   31.836789] sd 2:0:1:0: [sdb] Write Protect is off
[   31.836928] sd 2:0:1:0: [sdb] Incomplete mode parameter data
[   31.836930] sd 2:0:1:0: [sdb] Assuming drive cache: write through
[   31.843191] sd 2:0:1:0: [sdb] Attached SCSI disk
Begin: Loading e[   33.446550] md: linear personality registered for level -1
ssential drivers[   33.539290] md: multipath personality registered for level -4
 ... [   33.588574] md: raid0 personality registered for level 0
[   33.611933] md: raid1 personality registered for level 1
[   33.691767] raid6: sse2x1   gen()  9165 MB/s
[   33.820321] raid6: sse2x1   xor()  5895 MB/s
[   33.891615] raid6: sse2x2   gen()  9373 MB/s
[   33.991553] raid6: sse2x2   xor()  7385 MB/s
[   34.067565] raid6: sse2x4   gen() 12066 MB/s
[   34.143982] raid6: sse2x4   xor()  8033 MB/s
[   34.255763] raid6: avx2x1   gen() 17498 MB/s
[   34.323892] raid6: avx2x2   gen() 19683 MB/s
[   34.443802] raid6: avx2x4   gen() 20531 MB/s
[   34.453068] raid6: using algorithm avx2x4 gen() 20531 MB/s
[   34.456807] raid6: using avx2x2 recovery algorithm
[   34.459937] xor: automatically using best checksumming function:
[   34.535789]    avx       : 13712.000 MB/sec
[   34.553995] async_tx: api initialized (async)
[   34.576691] md: raid6 personality registered for level 6
[   34.641276] md: raid5 personality registered for level 5
[   34.663378] md: raid4 personality registered for level 4
[   34.670915] md: raid10 personality registered for level 10
done.
Begin: Running /scripts/init-premount ... done.
Begin: Mounting root file system ... Begin: Running /scripts/local-top ... done[   34.751798] Btrfs loaded
.
Begin: Running /scripts/local-premount ... Scanning for Btrfs filesystems
done.
Warning: fsck no[   34.818098] EXT4-fs (sda1): mounted filesystem with ordered data mode. Opts: (null)
t present, so skipping root file system
done.
Begin: Running /scripts/local-bottom ... done.
Begin: Running /scripts/init-bottom ... done.
[   34.985741] systemd[1]: systemd 229 running in system mode. (+PAM +AUDIT +SELINUX +IMA +APPARMOR +SMACK +SYSVINIT +UTMP +LIBCRYPTSETUP +GCRYPT +GNUTLS +ACL +XZ -LZ4 +SECCOMP +BLKID +ELFUTILS +KMOD -IDN)
[   35.129294] systemd[1]: Detected virtualization oracle.
[   35.195476] systemd[1]: Detected architecture x86-64.

Welcome to [1mUbuntu 16.04.4 LTS[0m!

[   35.315890] systemd[1]: Set hostname to <ubuntu>.
[   35.359714] systemd[1]: Initializing machine ID from random generator.
[   35.408103] systemd[1]: Installed transient /etc/machine-id file.
[   35.665171] systemd[1]: Started Forward Password Requests to Wall Directory Watch.
[[0;32m  OK  [0m] Started Forward Password Requests to Wall Directory Watch.
[   35.860566] systemd[1]: Listening on udev Kernel Socket.
[[0;32m  OK  [0m] Listening on udev Kernel Socket.
[   35.971885] systemd[1]: Started Trigger resolvconf update for networkd DNS.
[[0;32m  OK  [0m] Started Trigger resolvconf update for networkd DNS.
[   36.020569] systemd[1]: Reached target System Time Synchronized.
[[0;32m  OK  [0m] Reached target System Time Synchronized.
[   36.104749] systemd[1]: Listening on /dev/initctl Compatibility Named Pipe.
[[0;32m  OK  [0m] Listening on /dev/initctl Compatibility Named Pipe.
[   36.248191] systemd[1]: Listening on Journal Socket.
[[0;32m  OK  [0m] Listening on Journal Socket.
[   36.360110] systemd[1]: Reached target User and Group Name Lookups.
[[0;32m  OK  [0m] Reached target User and Group Name Lookups.
[   36.500937] systemd[1]: Listening on Journal Socket (/dev/log).
[[0;32m  OK  [0m] Listening on Journal Socket (/dev/log).
[   36.660659] systemd[1]: Listening on Device-mapper event daemon FIFOs.
[[0;32m  OK  [0m] Listening on Device-mapper event daemon FIFOs.
[   36.851797] systemd[1]: Reached target Encrypted Volumes.
[[0;32m  OK  [0m] Reached target Encrypted Volumes.
[   36.976022] systemd[1]: Listening on Journal Audit Socket.
[[0;32m  OK  [0m] Listening on Journal Audit Socket.
[   37.039928] systemd[1]: Listening on LVM2 metadata daemon socket.
[[0;32m  OK  [0m] Listening on LVM2 metadata daemon socket.
[   37.128066] systemd[1]: Listening on udev Control Socket.
[[0;32m  OK  [0m] Listening on udev Control Socket.
[   37.160651] systemd[1]: Listening on LVM2 poll daemon socket.
[[0;32m  OK  [0m] Listening on LVM2 poll daemon socket.
[   37.240489] systemd[1]: Set up automount Arbitrary Executable File Formats File System Automount Point.
[[0;32m  OK  [0m] Set up automount Arbitrary Executab...ats File System Automount Point.
[   37.500637] systemd[1]: Created slice System Slice.
[[0;32m  OK  [0m] Created slice System Slice.
[   37.580615] systemd[1]: Starting Nameserver information manager...
[   37.584405] random: nonblocking pool is initialized
         Starting Nameserver information manager...
[   37.644324] systemd[1]: Created slice system-serial\x2dgetty.slice.
[[0;32m  OK  [0m] Created slice system-serial\x2dgetty.slice.
[   37.700104] systemd[1]: Mounting Debug File System...
         Mounting Debug File System...
[   37.828523] systemd[1]: Starting Load Kernel Modules...
         Startin[   37.840211] Loading iSCSI transport class v2.0-870.
g Load Kernel Modules...
[   37.890188] iscsi: registered transport (tcp)
[   39.095800] systemd[1]: Starting Remount Root and Kernel File Systems...
         Startin[   39.104695] EXT4-fs (sda1): re-mounted. Opts: (null)
g Remount Root and Kernel File Systems...
[   39.130509] systemd[1]: Starting Create list of required static device nodes for the current kernel...
         Startin[   39.148546] iscsi: registered transport (iser)
g Create list of required st... nodes for the current kernel...
[   39.248273] systemd[1]: Mounting Huge Pages File System...
         Mounting Huge Pages File System...
[   39.301708] systemd[1]: Starting Monitoring of LVM2 mirrors, snapshots etc. using dmeventd or progress polling...
         Starting Monitoring of LVM2 mirrors... dmeventd or progress polling...
[   39.353622] systemd[1]: Reached target Swap.
[[0;32m  OK  [0m] Reached target Swap.
[   39.361580] systemd[1]: Created slice User and Session Slice.
[[0;32m  OK  [0m] Created slice User and Session Slice.
[   39.407780] systemd[1]: Reached target Slices.
[[0;32m  OK  [0m] Reached target Slices.
[   39.477015] systemd[1]: Starting Uncomplicated firewall...
         Starting Uncomplicated firewall...
[   39.579799] systemd[1]: Mounting POSIX Message Queue File System...
         Mounting POSIX Message Queue File System...
[   39.691805] systemd[1]: Starting Set console keymap...
         Starting Set console keymap...
[   39.787978] systemd[1]: Listening on Syslog Socket.
[[0;32m  OK  [0m] Listening on Syslog Socket.
[   39.876578] systemd[1]: Starting Journal Service...
         Starting Journal Service...
[   39.98164 systemd[1]: ounted ge Pages FileSystem.
[[0;32m  OK  [0m] Mounted Huge Pages File System.
[   40.259919] systemd[1]: Mounted Debug File System.
[[0;32m  OK  [0m] Mounted Debug File System.
[   40.324128] systemd[1]: Mounted POSIX Message Queue File System.
[[0;32m  OK  [0m] Mounted POSIX Message Queue File System.
[   40.384234] systemd[1]: Started Journal Service.
[[0;32m  OK  [0m] Started Journal Service.
[[0;32m  OK  [0m] Started Load Kernel Modules.
[[0;32m  OK  [0m] Started Remount Root and Kernel File Systems.
[[0;32m  OK  [0m] Started Create list of required sta...ce nodes for the current kernel.
[[0;32m  OK  [0m] Started Uncomplicated firewall.
[[0;32m  OK  [0m] Started Set console keymap.
[[0;32m  OK  [0m] Started Nameserver information manager.
[[0;32m  OK  [0m] Started LVM2 metadata daemon.
         Starting Create Static Device Nodes in /dev...
         Starting udev Coldplug all Devices...
         Starting Load/Save Random Seed...
         Starting Initial cloud-init job (pre-networking)...
         Mounting FUSE Control File System...
         Starting Apply Kernel Variables...
         Starting Flush Journal to Persistent Storage...
[[0;32m  OK  [0m] Mounted FUSE Control File System.
[[0;32m  OK  [0m] Started Create Static Device Nodes in /dev.
[[0;32m  OK  [0m] Started Load/Save Random Seed.
[[0;32m  OK  [0m] Started Apply Kernel Variables.
[[0;32m  OK  [0m] Started udev Coldplug all Devices.
[[0;32m  OK  [0m] Started Monitoring of LVM2 mirrors,...ng dmeventd or progress polling.
[[0;32m  OK  [0m] Started Flush Journal to Persistent Storage.
         Starting udev Kernel Device Manager...
[[0;32m  OK  [0m] Started udev Kernel Device Manager.
[[0;32m  OK  [0m] Started Dispatch Password Requests to Console Directory Watch.
[[0;32m  OK  [0m] Reached target Local File Systems (Pre).
[[0;32m  OK  [0m] Reached target Local File Systems.
         Starting Commit a transient machine-id on disk...
         Starting Tell Plymouth To Write Out Runtime Data...
         Starting LSB: AppArmor initialization...
         Starting Set console font and keymap...
         Starting Create Volatile Files and Directories...
[[0;32m  OK  [0m] Started Commit a transient machine-id on disk.
[[0;32m  OK  [0m] Started Tell Plymouth To Write Out Runtime Data.
[[0;32m  OK  [0m] Started Create Volatile Files and Directories.
         Starting Update UTMP about System Boot/Shutdown...
[[0;32m  OK  [0m] Started Update UTMP about System Boot/Shutdown.
[[0;32m  OK  [0m] Found device /dev/ttyS0.
[[0;32m  OK  [0m] Listening on Load/Save RF Kill Switch Status /dev/rfkill Watch.
[   23.049346] cloud-init[447]: Cloud-init v. 18.2 running 'init-local' at Mon, 14 May 2018 07:30:15 +0000. Up 22.31 seconds.
[[0;32m  OK  [0m] Started Initial cloud-init job (pre-networking).
[[0;32m  OK  [0m] Started Set console font and keymap.
[[0;32m  OK  [0m] Created slice system-getty.slice.
[[0;32m  OK  [0m] Reached target Network (Pre).
[[0;32m  OK  [0m] Started LSB: AppArmor initialization.
         Starting Raise network interfaces...
[[0;32m  OK  [0m] Started Raise network interfaces.
         Starting Initial cloud-init job (metadata service crawler)...
[[0;32m  OK  [0m] Reached target Network.
[   26.078969] cloud-init[941]: Cloud-init v. 18.2 running 'init' at Mon, 14 May 2018 07:30:18 +0000. Up 25.14 seconds.
[   26.087577] cloud-init[941]: ci-info: ++++++++++++++++++++++++++++++++++++++Net device info++++++++++++++++++++++++++++++++++++++
[   26.209333] [cloud-init[0;32m  OK  [0m[941]: ] ci-info: +--------+-------+----------------------------+---------------+-------+-------------------+Started Initial cloud-init job (metadata service crawler).

[   26.210101] cloud-init[941]: ci-info: | Device |   Up  |          Address           |      Mask     | Scope |     Hw-Address    |
[   26.572558] [cloud-init[0;32m  OK  [0m[941]: ] ci-info: +--------+-------+----------------------------+---------------+-------+-------------------+Reached target Cloud-config availability.

[   26.573375] [cloud-init[0;32m  OK  [0m[941]: ] ci-info: | enp0s3 |  True |         10.0.2.15          | 255.255.255.0 |   .   | 02:c5:21:46:7d:cc |Reached target System Initialization.

[   26.770312]          cloud-initStarting Socket activation for snappy daemon.[941]: 
ci-info: | enp0s3 |  True | fe80::c5:21ff:fe46:7dcc/64 |       .       |  link | 02:c5:21:46:7d:cc |
[   27.140800] [cloud-init[0;32m  OK  [0m[941]: ] ci-info: | enp0s8 | False |             .              |       .       |   .   | 08:00:27:5e:15:90 |Started Daily Cleanup of Temporary Directories.

[   27.408546]          cloud-initStarting LXD - unix socket.[941]: 
ci-info: |   lo   |  True |         127.0.0.1          |   255.0.0.0   |   .   |         .         |
[   27.601524] [cloud-init[0;32m  OK  [0m[941]: ] ci-info: |   lo   |  True |          ::1/128           |       .       |  host |         .         |Started Daily apt download activities.

[[0;32m  OK  [0m] Started Daily apt upgrade and clean activities.
[[0;32m  OK  [0m] Reached target Timers.
[   27.602325] cloud-init[941]: ci-info: +--------+-------+----------------------------+---------------+-------+-------------------+
[   28.092414] [cloud-init[0;32m  OK  [0m[941]: ] ci-info: +++++++++++++++++++++++++++Route IPv4 info++++++++++++++++++++++++++++Listening on D-Bus System Message Bus Socket.

[   28.093202] [cloud-init[0;32m  OK  [0m[941]: ] ci-info: +-------+-------------+----------+---------------+-----------+-------+Listening on ACPID Listen Socket.

[   28.277621] cloud-init[941]: ci-info: | Route | Destination | Gateway  |    Genmask    | Interface | Flags |
[   28.596980] [cloud-init[0;32m  OK  [0m[941]: ] ci-info: +-------+-------------+----------+---------------+-----------+-------+Started ACPI Events Check.

[[0;32m  OK  [0m] Reached target Paths.
[   28.791710] [[0;32m  OK  [0m] Listening on UUID daemon activation socket.
[[0;32m  OK  [0m] Reached target Network is Online.
cloud-init[941]: ci-info: |   0   |   0.0.0.0   | 10.0.2.2 |    0.0.0.0    |   enp0s3  |   UG  |
[   28.872448] cloud-init[941]: ci-info: |   1   |   10.0.2.0  | 0.0.0.0  | 255.255.255.0 |   enp0s3  |   U   |
[   28.872806] cloud-init[941]: ci-info: +-------+-------------+----------+---------------+-----------+-------+
         Starting iSCSI initiator daemon (iscsid)...
[   28.873043] cloud-init[941]: Generating public/private rsa key pair.
[   29.012489] cloud-init[941]: Your identification has been saved in /etc/ssh/ssh_host_rsa_key.
[   29.012988] cloud-init[941]: Your public key has been saved in /etc/ssh/ssh_host_rsa_key.pub.
[[0;32m  OK  [0m] Listening on Socket activation for snappy daemon.
[   29.013217] cloud-init[941]: The key fingerprint is:
[   29.150393] cloud-init[941]: SHA256:30axUpcMza86Im30fxJZo/jrp84orhyCJk9xh4yW90k root@ubuntu-xenial
[[0;32m  OK  [0m] Listening on LXD - unix socket.
[   29.150590] cloud-init[941]: The key's randomart image is:
[   29.328446] cloud-init[941]: +---[RSA 2048]----+
[   29.376804] cloud-init[941]: |            .o   |
[   29.445280] cloud-init[941]: |             oo. |
[   29.573868] cloud-init[941]: |            o +. |
[   29.593557] cloud-init[941]: |    + .    . + .o|
[   29.638122] cloud-init[941]: |   = = ES . + .+.|
[[0;32m  OK  [0m] Started iSCSI initiator daemon (iscsid).
[   29.799998] cloud-init[941]: |  . = + ...= .+  |
[   29.826213] cloud-init[941]: | . + . + o..+. . |
[   29.847573] cloud-init[941]: |  =   o o.+.*....|
[   29.881867] cloud-init[941]: |   .   oo+.ooO=o |
[   29.892171] cloud-init[941]: +----[SHA256]-----+
         [   30.096418] cloud-init[941]: Generating public/private dsa key pair.
[   30.096473] cloud-init[941]: Your identification has been saved in /etc/ssh/ssh_host_dsa_key.
[   30.096521] cloud-init[941]: Your public key has been saved in /etc/ssh/ssh_host_dsa_key.pub.
[   30.096566] cloud-init[941]: The key fingerprint is:
[   30.096647] cloud-init[941]: SHA256:j03OBOGUqaPntu958m19frV76PzedPP2QTp9PMWAA4Y root@ubuntu-xenial
[   30.096725] cloud-init[941]: The key's randomart image is:
[   30.096775] cloud-init[941]: +---[DSA 1024]----+
[   30.096823] cloud-init[941]: |        o+o      |
[   30.096868] cloud-init[941]: |       oEo . .   |
[   30.096913] cloud-init[941]: |       .o   o .  |
[   30.096957] cloud-init[941]: |      o  .   . o |
[   30.097001] cloud-init[941]: |     . .S o    .o|
[   30.097045] cloud-init[941]: |    . .  O    +.o|
[   30.097090] cloud-init[941]: |     o  . =  + *B|
[   30.097138] cloud-init[941]: |      o ......+o&|
[   30.097183] cloud-init[941]: |     ..+++....oB%|
[   30.097227] cloud-init[941]: +----[SHA256]-----+
[   30.097271] cloud-init[941]: Generating public/private ecdsa key pair.
[   30.097316] cloud-init[941]: Your identification has been saved in /etc/ssh/ssh_host_ecdsa_key.
[   30.097362] cloud-init[941]: Your public key has been saved in /etc/ssh/ssh_host_ecdsa_key.pub.
[   30.097407] cloud-init[941]: The key fingerprint is:
[   30.097451] cloud-init[941]: SHA256:OHvRK+yXWbclceudUMuMvJUyCOavFx2t6REc34Oo+yI root@ubuntu-xenial
[   30.097495] cloud-init[941]: The key's randomart image is:
[   30.097539] cloud-init[941]: +---[ECDSA 256]---+
[   30.097610] cloud-init[941]: |                 |
[   30.097657] cloud-init[941]: |             .   |
[   30.097702] cloud-init[941]: |            o = .|
[   30.097746] cloud-init[941]: |       . + . =.=o|
[   30.097792] cloud-init[941]: |      o S + + Xo=|
[   30.097836] cloud-init[941]: |       + + +.@oB.|
[   30.097883] cloud-init[941]: |      . + ++o.O+o|
[   30.097930] cloud-init[941]: |       E ++o o.o.|
[   30.097979] cloud-init[941]: |        oo=.     |
[   30.098023] cloud-init[941]: +----[SHA256]-----+
[   30.098067] cloud-init[941]: Generating public/private ed25519 key pair.
[   30.098112] cloud-init[941]: Your identification has been saved in /etc/ssh/ssh_host_ed25519_key.
[   30.098158] cloud-init[941]: Your public key has been saved in /etc/ssh/ssh_host_ed25519_key.pub.
[   30.098202] cloud-init[941]: The key fingerprint is:
[   30.098246] cloud-init[941]: SHA256:DD6nRpBuoPQUFN2kyraCDHdhB7kGsH5+Xarh6roLxHg root@ubuntu-xenial
[   30.098291] cloud-init[941]: The key's randomart image is:
[   30.098334] cloud-init[941]: +--[ED25519 256]--+
[   30.098379] cloud-init[941]: |...++.o.         |
[   30.098424] cloud-init[941]: | .. o+..         |
[   30.098471] cloud-init[941]: |...o=oo          |
[   30.098515] cloud-init[941]: |=.+++= o         |
[   30.098579] cloud-init[941]: |++EB+ + S.       |
[   30.098628] cloud-init[941]: |=o+o...+o        |
[   30.098674] cloud-init[941]: |oo o ooo         |
[   30.098717] cloud-init[941]: |. . o.o          |
[   30.098762] cloud-init[941]: | +=o.o           |
[   30.098806] cloud-init[941]: +----[SHA256]-----+
Starting Login to default iSCSI targets...
[[0;32m  OK  [0m] Reached target Sockets.
[[0;32m  OK  [0m] Reached target Basic System.
[[0;32m  OK  [0m] Started D-Bus System Message Bus.
         Starting Accounts Service...
         Starting LXD - container startup/shutdown...
         Starting Snappy daemon...
[[0;32m  OK  [0m] Started FUSE filesystem for LXC.
         Starting Pollinate to seed the pseudo random number generator...
         Starting LSB: Record successful boot for GRUB...
[[0;32m  OK  [0m] Started Regular background program processing daemon.
[[0;32m  OK  [0m] Started Deferred execution scheduler.
         Starting /etc/rc.local Compatibility...
         Starting LSB: MD monitoring daemon...
[[0;32m  OK  [0m] Started ACPI event daemon.
         Starting Virtualbox guest utils...
[[0;32m  OK  [0m] Started Unattended Upgrades Shutdown.
         Starting System Logging Service...
         Starting Login Service...
         Starting Apply the settings specified in cloud-config...
[[0;32m  OK  [0m] Started Snappy daemon.
[[0;32m  OK  [0m] Started System Logging Service.
[[0;32m  OK  [0m] Started LXD - container startup/shutdown.
[[0;32m  OK  [0m] Started /etc/rc.local Compatibility.
[[0;32m  OK  [0m] Started Login to default iSCSI targets.
[[0;32m  OK  [0m] Started LSB: Record successful boot for GRUB.
[[0;32m  OK  [0m] Started LSB: MD monitoring daemon.
         Starting Authenticate and Authorize Users to Run Privileged Tasks...
[[0;32m  OK  [0m] Reached target Remote File Systems (Pre).
[[0;32m  OK  [0m] Reached target Remote File Systems.
         Starting LSB: automatic crash report generation...
         Starting Permit User Sessions...
         Starting LSB: Set the CPU Frequency Scaling governor to "ondemand"...
         Starting LSB: daemon to balance interrupts for SMP systems...
[[0;32m  OK  [0m] Started Pollinate to seed the pseudo random number generator.
[[0;32m  OK  [0m] Started Virtualbox guest utils.
[[0;32m  OK  [0m] Started Permit User Sessions.
[[0;32m  OK  [0m] Started Login Service.
[[0;32m  OK  [0m] Started Authenticate and Authorize Users to Run Privileged Tasks.
[[0;32m  OK  [0m] Started Accounts Service.
[[0;32m  OK  [0m] Started LSB: automatic crash report generation.
[[0;32m  OK  [0m]  tarted LSB: Set the CPU Frequency Scaling governor to "ondemand".
         Starting Hold until boot process finishes up...
         Starting Terminate Plymouth Boot Screen...
         Starting OpenBSD Secure Shell server...
[[0;32m  OK  [0m] Started OpenBSD Secure Shell server.
[[0;32m  OK  [0m] Started LSB: daemon to balance interrupts for SMP systems.
[[0;32m  OK  [0m] Started Hold until boot process finishes up.
[[0;32m  OK  [0m] Started Terminate Plymouth Boot Screen.
         Starting Set console scheme...
[[   32.806648] cloud-init[1137]: Generating locales (this might take a while)...
[0;32m  OK  [0m] Started Getty on tty1.
[[0;32m  OK  [0m] Started Serial Getty on ttyS0.
[[0;32m  OK  [0m] Reached target Login Prompts.
[[0;32m  OK  [0m] Reached target Multi-User System.
[[0;32m  OK  [0m] Reached target Graphical Interface.
         Starting Update UTMP about System Runlevel Changes...
[[0;32m  OK  [0m] Started Set console scheme.
[[0;32m  OK  [0m] Started Update UTMP about System Runlevel Changes.
[[0;32m  OK  [0m] Created slice User Slice of vagrant.
         Starting User Manager for UID 1000...
[[0;32m  OK  [0m] Started Session 1 of user vagrant.
[[0;32m  OK  [0m] Started User Manager for UID 1000.
[   34.437928] cloud-init[1137]:   en_US.UTF-8... done
[   34.454043] cloud-init[1137]: Generation complete.
[   35.088592] cloud-init[1137]: Cloud-init v. 18.2 running 'modules:config' at Mon, 14 May 2018 07:30:26 +0000. Up 32.44 seconds.
[[0;32m  OK  [0m] Started Apply the settings specified in cloud-config.
         Starting Execute cloud user/final scripts...
ci-info: no authorized ssh keys fingerprints found for user ubuntu.
<14>May 14 07:30:29 ec2: 
<14>May 14 07:30:29 ec2: #############################################################
<14>May 14 07:30:29 ec2: -----BEGIN SSH HOST KEY FINGERPRINTS-----
<14>May 14 07:30:29 ec2: 1024 SHA256:j03OBOGUqaPntu958m19frV76PzedPP2QTp9PMWAA4Y root@ubuntu-xenial (DSA)
<14>May 14 07:30:29 ec2: 256 SHA256:OHvRK+yXWbclceudUMuMvJUyCOavFx2t6REc34Oo+yI root@ubuntu-xenial (ECDSA)
<14>May 14 07:30:29 ec2: 256 SHA256:DD6nRpBuoPQUFN2kyraCDHdhB7kGsH5+Xarh6roLxHg root@ubuntu-xenial (ED25519)
<14>May 14 07:30:29 ec2: 2048 SHA256:30axUpcMza86Im30fxJZo/jrp84orhyCJk9xh4yW90k root@ubuntu-xenial (RSA)
<14>May 14 07:30:29 ec2: -----END SSH HOST KEY FINGERPRINTS-----
<14>May 14 07:30:29 ec2: #############################################################
-----BEGIN SSH HOST KEY KEYS-----
ecdsa-sha2-nistp256 AAAAE2VjZHNhLXNoYTItbmlzdHAyNTYAAAAIbmlzdHAyNTYAAABBBLRt1zpae3Uf5xkAPlPqsql6FoPQEIz/D6cEyLrBh4qFrK7Ld+Wh5yFf2Vekg726O1elaC960/XJzpNDNA5gyCU= root@ubuntu-xenial
ssh-ed25519 AAAAC3NzaC1lZDI1NTE5AAAAIIw5heug6B+pCRzVelcnTszoga1fLcHn0dEAGtANhmX8 root@ubuntu-xenial
ssh-rsa AAAAB3NzaC1yc2EAAAADAQABAAABAQDSsaYuKqBWPB8eE4dgVVJVCJVso53OfeXncr9AmL/fdB3dRvrUiO8Fnb9HIgMBzoW4A0AFOIltzhKlPfmAqB5txFPkC8Dt8AN982tRfhPEIswe4ZcB/+MvkAtDNs3RElfdlv9qAekZ9T+HMdw4uSD0IjClwpByi7sudNb5vhpICerTC61AwTIlGG6J3JWY67pTE3+Dg2ObTPTEJyG9QkMYz9Mqgiw5ojNkjHDZ2SW93Rfr7cn3It1T8snMQMXKuZWpOSlRe9HcZHSlSAWpfcJbqWGmc62/0apsETS78aeG35OWHYGpMyscRkHCvObkX4awqq/aVk8NdmeUYU24A3Cl root@ubuntu-xenial
-----END SSH HOST KEY KEYS-----
         Stopping User Manager for UID 1000...
[   36.537059] cloud-init[1442]: Cloud-init v. 18.2 running 'modules:final' at Mon, 14 May 2018 07:30:29 +0000. Up 35.69 seconds.
[   36.660495] cloud-init[1442]: ci-info: no authorized ssh keys fingerprints found for user ubuntu.
[   36.660861] cloud-init[1442]: Cloud-init v. 18.2 finished at Mon, 14 May 2018 07:30:30 +0000. Datasource DataSourceNoCloud [seed=/dev/sdb][dsmode=net].  Up 36.52 seconds
[[0;32m  OK  [0m] Stopped User Manager for UID 1000.
[[0;32m  OK  [0m] Started Execute cloud user/final scripts.
[[0;32m  OK  [0m] Removed slice User Slice of vagrant.
[[0;32m  OK  [0m] Reached target Cloud-init target.

Ubuntu 16.04.4 LTS ubuntu-xenial ttyS0

ubuntu-xenial login: 